2024-02-08T21:40:24.508697Z	Cloning repository...
2024-02-08T21:40:25.375773Z	From https://github.com/KforKelvin/Personal-website
2024-02-08T21:40:25.376325Z	 * branch            ec5eca5ad1a80e6996a57b53f3974a224d5bab08 -> FETCH_HEAD
2024-02-08T21:40:25.376457Z	
2024-02-08T21:40:25.422142Z	HEAD is now at ec5eca5 delete homepage
2024-02-08T21:40:25.422611Z	
2024-02-08T21:40:25.51232Z	
2024-02-08T21:40:25.512917Z	Using v2 root directory strategy
2024-02-08T21:40:25.539171Z	Success: Finished cloning repository files
2024-02-08T21:40:26.297636Z	Detected the following tools from environment: yarn@3.6.3, nodejs@18.17.1
2024-02-08T21:40:26.298374Z	Installing project dependencies: yarn
2024-02-08T21:40:26.953055Z	➤ YN0070: Migrating from Yarn 1; automatically enabling the compatibility node-modules linker 👍
2024-02-08T21:40:26.953587Z	
2024-02-08T21:40:27.096113Z	➤ YN0000: ┌ Resolution step
2024-02-08T21:40:28.064195Z	➤ YN0032: │ fsevents@npm:2.3.3: Implicit dependencies on node-gyp are discouraged
2024-02-08T21:40:28.08337Z	➤ YN0061: │ workbox-webpack-plugin@npm:6.6.1 is deprecated: this package has been deprecated
2024-02-08T21:40:28.129588Z	➤ YN0061: │ react-tsparticles@npm:1.43.1 is deprecated: @tsparticles/react is the new version, please use that
2024-02-08T21:40:28.639355Z	➤ YN0061: │ abab@npm:2.0.6 is deprecated: Use your platform's native atob() and btoa() methods instead
2024-02-08T21:40:28.763731Z	➤ YN0061: │ @babel/plugin-proposal-private-property-in-object@npm:7.21.11 is deprecated: This proposal has been merged to the ECMAScript standard and thus this plugin is no longer maintained. Please use @babel/plugin-transform-private-property-in-object instead.
2024-02-08T21:40:28.773297Z	➤ YN0061: │ @babel/plugin-proposal-class-properties@npm:7.18.6 is deprecated: This proposal has been merged to the ECMAScript standard and thus this plugin is no longer maintained. Please use @babel/plugin-transform-class-properties instead.
2024-02-08T21:40:28.788934Z	➤ YN0061: │ @babel/plugin-proposal-nullish-coalescing-operator@npm:7.18.6 is deprecated: This proposal has been merged to the ECMAScript standard and thus this plugin is no longer maintained. Please use @babel/plugin-transform-nullish-coalescing-operator instead.
2024-02-08T21:40:28.796919Z	➤ YN0061: │ @babel/plugin-proposal-numeric-separator@npm:7.18.6 is deprecated: This proposal has been merged to the ECMAScript standard and thus this plugin is no longer maintained. Please use @babel/plugin-transform-numeric-separator instead.
2024-02-08T21:40:28.805454Z	➤ YN0061: │ @babel/plugin-proposal-optional-chaining@npm:7.21.0 is deprecated: This proposal has been merged to the ECMAScript standard and thus this plugin is no longer maintained. Please use @babel/plugin-transform-optional-chaining instead.
2024-02-08T21:40:28.904095Z	➤ YN0061: │ @babel/plugin-proposal-private-methods@npm:7.18.6 is deprecated: This proposal has been merged to the ECMAScript standard and thus this plugin is no longer maintained. Please use @babel/plugin-transform-private-methods instead.
2024-02-08T21:40:29.324205Z	➤ YN0061: │ workbox-build@npm:6.6.1 is deprecated: this package has been deprecated
2024-02-08T21:40:30.872827Z	➤ YN0061: │ rollup-plugin-terser@npm:7.0.2 is deprecated: This package has been deprecated and is no longer maintained. Please use @rollup/plugin-terser
2024-02-08T21:40:30.963072Z	➤ YN0061: │ workbox-broadcast-update@npm:6.6.1 is deprecated: this package has been deprecated
2024-02-08T21:40:30.968469Z	➤ YN0061: │ workbox-recipes@npm:6.6.1 is deprecated: this package has been deprecated
2024-02-08T21:40:30.983407Z	➤ YN0061: │ workbox-expiration@npm:6.6.1 is deprecated: this package has been deprecated
2024-02-08T21:40:31.009251Z	➤ YN0061: │ workbox-core@npm:6.6.1 is deprecated: this package has been deprecated
2024-02-08T21:40:31.011928Z	➤ YN0061: │ workbox-navigation-preload@npm:6.6.1 is deprecated: this package has been deprecated
2024-02-08T21:40:31.017593Z	➤ YN0061: │ workbox-background-sync@npm:6.6.1 is deprecated: this package has been deprecated
2024-02-08T21:40:31.025675Z	➤ YN0061: │ svgo@npm:1.3.2 is deprecated: This SVGO version is no longer supported. Upgrade to v2.x.x.
2024-02-08T21:40:31.053751Z	➤ YN0061: │ workbox-cacheable-response@npm:6.6.1 is deprecated: workbox-background-sync@6.6.1
2024-02-08T21:40:31.082199Z	➤ YN0061: │ workbox-range-requests@npm:6.6.1 is deprecated: this package has been deprecated
2024-02-08T21:40:31.085812Z	➤ YN0061: │ workbox-google-analytics@npm:6.6.1 is deprecated: this package has been deprecated
2024-02-08T21:40:31.102942Z	➤ YN0061: │ workbox-precaching@npm:6.6.1 is deprecated: this package has been deprecated
2024-02-08T21:40:31.108053Z	➤ YN0061: │ workbox-window@npm:6.6.1 is deprecated: this package has been deprecated
2024-02-08T21:40:31.115994Z	➤ YN0061: │ workbox-streams@npm:6.6.1 is deprecated: this package has been deprecated
2024-02-08T21:40:31.124771Z	➤ YN0061: │ workbox-routing@npm:6.6.1 is deprecated: this package has been deprecated
2024-02-08T21:40:31.127808Z	➤ YN0061: │ workbox-strategies@npm:6.6.1 is deprecated: this package has been deprecated
2024-02-08T21:40:31.138681Z	➤ YN0061: │ workbox-sw@npm:6.6.1 is deprecated: this package has been deprecated
2024-02-08T21:40:32.360526Z	➤ YN0061: │ memfs@npm:3.6.0 is deprecated: this will be v4
2024-02-08T21:40:32.499104Z	➤ YN0061: │ tsparticles@npm:1.43.1 is deprecated: tsParticles v3 is out, it contains breaking changes and it's recommended to migrate to that version with fixes and new features
2024-02-08T21:40:32.767135Z	➤ YN0061: │ stable@npm:0.1.8 is deprecated: Modern JS already guarantees Array#sort() is a stable sort, so this library is deprecated. See the compatibility table on MDN: https://developer.mozilla.org/en-US/docs/Web/JavaScript/Reference/Global_Objects/Array/sort#browser_compatibility
2024-02-08T21:40:33.427233Z	➤ YN0061: │ sourcemap-codec@npm:1.4.8 is deprecated: Please use @jridgewell/sourcemap-codec instead
2024-02-08T21:40:34.513255Z	➤ YN0061: │ domexception@npm:2.0.1 is deprecated: Use your platform's native DOMException instead
2024-02-08T21:40:34.607212Z	➤ YN0061: │ w3c-hr-time@npm:1.0.2 is deprecated: Use your platform's native performance.now() and performance.timeOrigin.
2024-02-08T21:40:39.740938Z	➤ YN0002: │ babel-plugin-styled-components@npm:2.1.4 [d2c11] doesn't provide @babel/core (pd3aa1), requested by @babel/plugin-syntax-jsx
2024-02-08T21:40:39.741487Z	➤ YN0002: │ eslint-config-react-app@npm:7.0.1 [7d3c1] doesn't provide @babel/plugin-syntax-flow (pdd489), requested by eslint-plugin-flowtype
2024-02-08T21:40:39.741715Z	➤ YN0002: │ eslint-config-react-app@npm:7.0.1 [7d3c1] doesn't provide @babel/plugin-transform-react-jsx (pfef1f), requested by eslint-plugin-flowtype
2024-02-08T21:40:39.74202Z	➤ YN0002: │ portfolio@workspace:. doesn't provide @testing-library/dom (p0cb0e), requested by @testing-library/user-event
2024-02-08T21:40:39.742252Z	➤ YN0002: │ portfolio@workspace:. doesn't provide classnames (pac1f1), requested by react-animate-on-scroll
2024-02-08T21:40:39.742423Z	➤ YN0060: │ portfolio@workspace:. provides react (p28509) with version 17.0.2, which doesn't satisfy what react-animate-on-scroll requests
2024-02-08T21:40:39.742617Z	➤ YN0002: │ portfolio@workspace:. doesn't provide react-is (p40d14), requested by styled-components
2024-02-08T21:40:39.742788Z	➤ YN0000: │ Some peer dependencies are incorrectly met; run yarn explain peer-requirements <hash> for details, where <hash> is the six-letter p-prefixed code
2024-02-08T21:40:39.744358Z	➤ YN0000: └ Completed in 12s 654ms
2024-02-08T21:40:39.818154Z	➤ YN0000: ┌ Post-resolution validation
2024-02-08T21:40:39.818539Z	➤ YN0028: │ The lockfile would have been modified by this install, which is explicitly forbidden.
2024-02-08T21:40:39.81872Z	➤ YN0000: └ Completed
2024-02-08T21:40:39.818894Z	➤ YN0000: Failed with errors in 12s 730ms
2024-02-08T21:40:39.928336Z	Error: Exit with error code: 1
2024-02-08T21:40:39.928632Z	    at ChildProcess.<anonymous> (/snapshot/dist/run-build.js)
2024-02-08T21:40:39.928802Z	    at Object.onceWrapper (node:events:652:26)
2024-02-08T21:40:39.928938Z	    at ChildProcess.emit (node:events:537:28)
2024-02-08T21:40:39.929087Z	    at ChildProcess._handle.onexit (node:internal/child_process:291:12)
2024-02-08T21:40:39.935389Z	Failed: build command exited with code: 1
2024-02-08T21:40:40.906578Z	Failed: error occurred while running build command